\BOOKMARK [1][-]{section.1}{\376\377\000D\000e\000s\000c\000r\000i\000e\000r\000e\000\040\000G\000e\000n\000e\000r\000a\000l\001\003}{}% 1
\BOOKMARK [1][-]{section.2}{\376\377\000E\000x\000e\000r\000c\000i\002\033\000i\000u\000l\000\040\0001}{}% 2
\BOOKMARK [2][-]{subsection.2.1}{\376\377\000O\000b\000i\000e\000c\000t\000i\000v}{section.2}% 3
\BOOKMARK [2][-]{subsection.2.2}{\376\377\000A\000s\000p\000e\000c\000t\000e\000\040\000T\000e\000o\000r\000e\000t\000i\000c\000e}{section.2}% 4
\BOOKMARK [2][-]{subsection.2.3}{\376\377\000A\000l\000g\000o\000r\000i\000t\000m}{section.2}% 5
\BOOKMARK [2][-]{subsection.2.4}{\376\377\000R\000e\000z\000u\000l\000t\000a\000t\000e}{section.2}% 6
\BOOKMARK [2][-]{subsection.2.5}{\376\377\000O\000b\000s\000e\000r\000v\000a\002\033\000i\000i}{section.2}% 7
\BOOKMARK [1][-]{section.3}{\376\377\000E\000x\000e\000r\000c\000i\002\033\000i\000u\000l\000\040\0002\000\040\040\023\000\040\000A\000p\000l\000i\000c\000a\002\033\000i\000e\000\040\000S\000h\000i\000n\000y\000\040\000p\000e\000n\000t\000r\000u\000\040\000S\000i\000m\000u\000l\000a\000r\000e\000a\000\040\000D\000i\000s\000t\000r\000i\000b\000u\002\033\000i\000i\000l\000o\000r}{}% 8
\BOOKMARK [2][-]{subsection.3.1}{\376\377\000O\000b\000i\000e\000c\000t\000i\000v}{section.3}% 9
\BOOKMARK [2][-]{subsection.3.2}{\376\377\000A\000s\000p\000e\000c\000t\000e\000\040\000T\000e\000o\000r\000e\000t\000i\000c\000e}{section.3}% 10
\BOOKMARK [3][-]{subsubsection.3.2.1}{\376\377\000F\000u\000n\000c\002\033\000i\000a\000\040\000d\000e\000\040\000R\000e\000p\000a\000r\000t\000i\002\033\000i\000e\000\040\000E\000m\000p\000i\000r\000i\000c\001\003\000\040\000\050\000E\000C\000D\000F\000\051}{subsection.3.2}% 11
\BOOKMARK [3][-]{subsubsection.3.2.2}{\376\377\000T\000r\000a\000n\000s\000f\000o\000r\000m\001\003\000r\000i\000\040\000L\000i\000n\000i\000a\000r\000e}{subsection.3.2}% 12
\BOOKMARK [3][-]{subsubsection.3.2.3}{\376\377\000S\000u\000m\000a\000\040\000V\000a\000r\000i\000a\000b\000i\000l\000e\000l\000o\000r\000\040\000i\000.\000i\000.\000d\000.}{subsection.3.2}% 13
\BOOKMARK [3][-]{subsubsection.3.2.4}{\376\377\000D\000i\000s\000t\000r\000i\000b\000u\002\033\000i\000i\000l\000e\000\040\000I\000m\000p\000l\000e\000m\000e\000n\000t\000a\000t\000e}{subsection.3.2}% 14
\BOOKMARK [2][-]{subsection.3.3}{\376\377\000A\000l\000g\000o\000r\000i\000t\000m}{section.3}% 15
\BOOKMARK [2][-]{subsection.3.4}{\376\377\000I\000m\000p\000l\000e\000m\000e\000n\000t\000a\000r\000e}{section.3}% 16
\BOOKMARK [2][-]{subsection.3.5}{\376\377\000R\000e\000z\000u\000l\000t\000a\000t\000e}{section.3}% 17
\BOOKMARK [2][-]{subsection.3.6}{\376\377\000O\000b\000s\000e\000r\000v\000a\002\033\000i\000i}{section.3}% 18
\BOOKMARK [1][-]{section.4}{\376\377\000E\000x\000e\000r\000c\000i\002\033\000i\000u\000l\000\040\0003}{}% 19
\BOOKMARK [2][-]{subsection.4.1}{\376\377\000O\000b\000i\000e\000c\000t\000i\000v}{section.4}% 20
\BOOKMARK [2][-]{subsection.4.2}{\376\377\000A\000s\000p\000e\000c\000t\000e\000\040\000T\000e\000o\000r\000e\000t\000i\000c\000e}{section.4}% 21
\BOOKMARK [2][-]{subsection.4.3}{\376\377\000A\000l\000g\000o\000r\000i\000t\000m}{section.4}% 22
\BOOKMARK [2][-]{subsection.4.4}{\376\377\000R\000e\000z\000u\000l\000t\000a\000t\000e}{section.4}% 23
\BOOKMARK [2][-]{subsection.4.5}{\376\377\000D\000e\000m\000o\000n\000s\000t\000r\000a\002\033\000i\000i\000\040\000t\000e\000o\000r\000e\000t\000i\000c\000e}{section.4}% 24
\BOOKMARK [2][-]{subsection.4.6}{\376\377\000M\000o\000d\000e\000l\000u\000l\000\040\000p\000r\000o\000b\000a\000b\000i\000l\000i\000s\000t\000i\000c}{section.4}% 25
\BOOKMARK [3][-]{subsubsection.4.6.1}{\376\377\000S\000i\000m\000e\000t\000r\000i\000e\000\040\002\031\000i\000\040\000r\000e\000d\000u\000c\000e\000r\000e\000\040\000l\000a\000\040\000o\000\040\000s\000i\000n\000g\000u\000r\001\003\000\040\000b\000a\000n\000d\001\003}{subsection.4.6}% 26
\BOOKMARK [3][-]{subsubsection.4.6.2}{\376\377\000D\000e\000f\000i\000n\000i\002\033\000i\000a\000\040\000v\000a\000r\000i\000a\000b\000i\000l\000e\000l\000o\000r\000\040\000a\000l\000e\000a\000t\000o\000a\000r\000e}{subsection.4.6}% 27
\BOOKMARK [3][-]{subsubsection.4.6.3}{\376\377\000D\000i\000s\000t\000r\000i\000b\000u\002\033\000i\000i\000l\000e\000\040\000l\000u\000i\000\040\000X\000\040\002\031\000i\000\040}{subsection.4.6}% 28
\BOOKMARK [2][-]{subsection.4.7}{\376\377\000C\000o\000n\000d\000i\002\033\000i\000a\000\040\000g\000e\000o\000m\000e\000t\000r\000i\000c\001\003\000\040\000d\000e\000\040\000i\000n\000t\000e\000r\000s\000e\000c\002\033\000i\000e}{section.4}% 29
\BOOKMARK [2][-]{subsection.4.8}{\376\377\000C\000a\000l\000c\000u\000l\000u\000l\000\040\000p\000r\000o\000b\000a\000b\000i\000l\000i\000t\001\003\002\033\000i\000i}{section.4}% 30
\BOOKMARK [3][-]{subsubsection.4.8.1}{\376\377\000I\000n\000t\000e\000g\000r\000a\000r\000e\000a\000\040\000d\000u\000p\001\003\000\040\000x}{subsection.4.8}% 31
\BOOKMARK [3][-]{subsubsection.4.8.2}{\376\377\000I\000n\000t\000e\000g\000r\000a\000r\000e\000a\000\040\000d\000u\000p\001\003\000\040}{subsection.4.8}% 32
\BOOKMARK [2][-]{subsection.4.9}{\376\377\000I\000n\000t\000e\000r\000p\000r\000e\000t\000a\000r\000e\000\040\000g\000e\000o\000m\000e\000t\000r\000i\000c\001\003}{section.4}% 33
\BOOKMARK [2][-]{subsection.4.10}{\376\377\000C\000o\000n\000c\000l\000u\000z\000i\000e}{section.4}% 34
\BOOKMARK [2][-]{subsection.4.11}{\376\377\000M\000o\000d\000e\000l\000u\000l\000\040\000p\000r\000o\000b\000a\000b\000i\000l\000i\000s\000t\000i\000c\000\040\000p\000e\000n\000t\000r\000u\000\040\000c\000r\000u\000c\000e}{section.4}% 35
\BOOKMARK [2][-]{subsection.4.12}{\376\377\000S\000c\000r\000i\000e\000r\000e\000a\000\040\000l\000u\000i\000\040\000Z\000\040\000c\000a\000\040\000s\000u\000m\001\003\000\040\000d\000e\000\040\000i\000n\000d\000i\000c\000a\000t\000o\000r\000i}{section.4}% 36
\BOOKMARK [2][-]{subsection.4.13}{\376\377\000C\000a\000l\000c\000u\000l\000u\000l\000\040\000v\000a\000l\000o\000r\000i\000i\000\040\000a\002\031\000t\000e\000p\000t\000a\000t\000e}{section.4}% 37
\BOOKMARK [2][-]{subsection.4.14}{\376\377\000C\000a\000l\000c\000u\000l\000u\000l\000\040\000v\000a\000r\000i\000a\000n\002\033\000e\000i}{section.4}% 38
\BOOKMARK [2][-]{subsection.4.15}{\376\377\000P\000r\000o\000b\000a\000b\000i\000l\000i\000t\000a\000t\000e\000a\000\040\000c\000a\000\040\000a\000m\000b\000e\000l\000e\000\040\000a\000c\000e\000\040\000s\001\003\000\040\000i\000n\000t\000e\000r\000s\000e\000c\000t\000e\000z\000e\000\040\000o\000\040\000d\000r\000e\000a\000p\000t\001\003}{section.4}% 39
\BOOKMARK [2][-]{subsection.4.16}{\376\377\000R\000e\000z\000u\000l\000t\000a\000t\000u\000l\000\040\000f\000i\000n\000a\000l\000\040\000p\000e\000n\000t\000r\000u\000\040\000v\000a\000r\000i\000a\000n\002\033\001\003}{section.4}% 40
\BOOKMARK [2][-]{subsection.4.17}{\376\377\000C\000o\000n\000c\000l\000u\000z\000i\000e}{section.4}% 41
\BOOKMARK [2][-]{subsection.4.18}{\376\377\000G\000e\000n\000e\000r\000a\000l\000i\000z\000a\000r\000e\000a\000\040\000p\000r\000o\000b\000l\000e\000m\000e\000i\000\040\000a\000c\000u\000l\000u\000i\000\040\000l\000u\000i\000\040\000B\000u\000f\000f\000o\000n}{section.4}% 42
\BOOKMARK [3][-]{subsubsection.4.18.1}{\376\377\000M\000o\000d\000e\000l\000a\000r\000e\000a\000\040\000a\000l\000e\000a\000t\000o\000a\000r\000e}{subsection.4.18}% 43
\BOOKMARK [3][-]{subsubsection.4.18.2}{\376\377\000C\000o\000n\000d\000i\002\033\000i\000a\000\040\000g\000e\000o\000m\000e\000t\000r\000i\000c\001\003\000\040\000d\000e\000\040\000i\000n\000t\000e\000r\000s\000e\000c\002\033\000i\000e}{subsection.4.18}% 44
\BOOKMARK [3][-]{subsubsection.4.18.3}{\376\377\000C\000a\000l\000c\000u\000l\000u\000l\000\040\000p\000r\000o\000b\000a\000b\000i\000l\000i\000t\001\003\002\033\000i\000i}{subsection.4.18}% 45
\BOOKMARK [2][-]{subsection.4.19}{\376\377\000I\000n\000t\000e\000r\000s\000e\000c\002\033\000i\000a\000\040\000u\000n\000u\000i\000\040\000a\000c\000\040\000f\000i\000x\000\040\000c\000u\000\040\000o\000\040\000l\000i\000n\000i\000e\000\040\000a\000l\000e\000a\000t\000o\000a\000r\000e}{section.4}% 46
\BOOKMARK [3][-]{subsubsection.4.19.1}{\376\377\000M\000o\000d\000e\000l\000a\000r\000e\000a\000\040\000a\000l\000e\000a\000t\000o\000a\000r\000e}{subsection.4.19}% 47
\BOOKMARK [3][-]{subsubsection.4.19.2}{\376\377\000C\000o\000n\000d\000i\002\033\000i\000a\000\040\000d\000e\000\040\000i\000n\000t\000e\000r\000s\000e\000c\002\033\000i\000e}{subsection.4.19}% 48
\BOOKMARK [3][-]{subsubsection.4.19.3}{\376\377\000C\000a\000l\000c\000u\000l\000u\000l\000\040\000p\000r\000o\000b\000a\000b\000i\000l\000i\000t\001\003\002\033\000i\000i}{subsection.4.19}% 49
\BOOKMARK [3][-]{subsubsection.4.19.4}{\376\377\000C\000o\000n\000c\000l\000u\000z\000i\000e}{subsection.4.19}% 50
\BOOKMARK [2][-]{subsection.4.20}{\376\377\000A\000c\000u\000l\000\040\000\356\000n\000t\000r\000-\000o\000\040\000r\000e\002\033\000e\000a\000\040\000d\000r\000e\000p\000t\000u\000n\000g\000h\000i\000u\000l\000a\000r\001\003\000\040\000d\000e\000\040\000d\000r\000e\000p\000t\000e\000\040\000p\000a\000r\000a\000l\000e\000l\000e}{section.4}% 51
\BOOKMARK [3][-]{subsubsection.4.20.1}{\376\377\000M\000o\000d\000e\000l\000a\000r\000e\000a\000\040\000a\000l\000e\000a\000t\000o\000a\000r\000e}{subsection.4.20}% 52
\BOOKMARK [3][-]{subsubsection.4.20.2}{\376\377\000V\000a\000r\000i\000a\000b\000i\000l\000e\000l\000e\000\040\000a\000l\000e\000a\000t\000o\000a\000r\000e}{subsection.4.20}% 53
\BOOKMARK [3][-]{subsubsection.4.20.3}{\376\377\000C\000o\000n\000d\000i\002\033\000i\000i\000l\000e\000\040\000d\000e\000\040\000i\000n\000t\000e\000r\000s\000e\000c\002\033\000i\000e}{subsection.4.20}% 54
\BOOKMARK [3][-]{subsubsection.4.20.4}{\376\377\000C\000a\000l\000c\000u\000l\000u\000l\000\040\000l\000u\000i\000\040\000P\000\050\000A\000\051}{subsection.4.20}% 55
\BOOKMARK [3][-]{subsubsection.4.20.5}{\376\377\000C\000a\000l\000c\000u\000l\000u\000l\000\040\000l\000u\000i\000\040\000P\000\050\000A\042\051\000B\000\051}{subsection.4.20}% 56
\BOOKMARK [3][-]{subsubsection.4.20.6}{\376\377\000P\000r\000o\000b\000a\000b\000i\000l\000i\000t\000a\000t\000e\000a\000\040\000t\000o\000t\000a\000l\001\003}{subsection.4.20}% 57
\BOOKMARK [2][-]{subsection.4.21}{\376\377\000T\000i\000p\000u\000l\000\040\000s\000t\000r\000a\000t\000e\000g\000i\000e\000i\000\040\000a\000l\000e\000a\000t\000o\000a\000r\000e\000\040\000u\000t\000i\000l\000i\000z\000a\000t\000e}{section.4}% 58
\BOOKMARK [3][-]{subsubsection.4.21.1}{\376\377\000A\000l\000g\000o\000r\000i\000t\000m\000i\000\040\000M\000o\000n\000t\000e\000\040\000C\000a\000r\000l\000o}{subsection.4.21}% 59
\BOOKMARK [3][-]{subsubsection.4.21.2}{\376\377\000D\000e\000\040\000c\000e\000\040\000s\000t\000r\000a\000t\000e\000g\000i\000a\000\040\000N\000U\000\040\000e\000s\000t\000e\000\040\000d\000e\000\040\000t\000i\000p\000\040\000L\000a\000s\000\040\000V\000e\000g\000a\000s}{subsection.4.21}% 60
\BOOKMARK [3][-]{subsubsection.4.21.3}{\376\377\000E\000x\000e\000m\000p\000l\000u\000\040\000d\000e\000\040\000a\000l\000g\000o\000r\000i\000t\000m\000\040\000L\000a\000s\000\040\000V\000e\000g\000a\000s}{subsection.4.21}% 61
\BOOKMARK [3][-]{subsubsection.4.21.4}{\376\377\000C\000o\000n\000c\000l\000u\000z\000i\000e}{subsection.4.21}% 62
\BOOKMARK [2][-]{subsection.4.22}{\376\377\000O\000b\000s\000e\000r\000v\000a\002\033\000i\000i}{section.4}% 63
\BOOKMARK [1][-]{section.5}{\376\377\000P\000a\000c\000h\000e\000t\000e\000\040\000\046\000\040\000S\000u\000r\000s\000e\000\040\000B\000i\000b\000l\000i\000o\000g\000r\000a\000f\000i\000c\000e}{}% 64
\BOOKMARK [2][-]{subsection.5.1}{\376\377\000P\000a\000c\000h\000e\000t\000e\000\040\000R\000\040\000U\000t\000i\000l\000i\000z\000a\000t\000e}{section.5}% 65
\BOOKMARK [3][-]{subsubsection.5.1.1}{\376\377\000P\000e\000r\000s\000o\000a\000n\000a\000\040\000A\000\040\040\023\000\040\000E\000x\000e\000r\000c\000i\002\033\000i\000u\000l\000\040\0001}{subsection.5.1}% 66
\BOOKMARK [3][-]{subsubsection.5.1.2}{\376\377\000M\000o\000g\000a\000\040\000E\000d\000u\000a\000r\000d\000-\000A\000n\000d\000r\000e\000i\000\040\040\023\000\040\000E\000x\000e\000r\000c\000i\002\033\000i\000u\000l\000\040\0002}{subsection.5.1}% 67
\BOOKMARK [2][-]{subsection.5.2}{\376\377\000S\000u\000r\000s\000e\000\040\000B\000i\000b\000l\000i\000o\000g\000r\000a\000f\000i\000c\000e\000\040\002\031\000i\000\040\000D\000o\000c\000u\000m\000e\000n\000t\000a\002\033\000i\000e}{section.5}% 68
\BOOKMARK [3][-]{subsubsection.5.2.1}{\376\377\000P\000e\000r\000s\000o\000a\000n\000a\000\040\000A}{subsection.5.2}% 69
\BOOKMARK [3][-]{subsubsection.5.2.2}{\376\377\000M\000o\000g\000a\000\040\000E\000d\000u\000a\000r\000d\000-\000A\000n\000d\000r\000e\000i}{subsection.5.2}% 70
\BOOKMARK [3][-]{subsubsection.5.2.3}{\376\377\000T\000i\000r\000d\000e\000a\000\040\000D\000o\000m\000i\000n\000i\000c\000\040\000A\000l\000e\000x\000a\000n\000d\000r\000u\000\040\000-\000\040\000E\000x\000e\000r\000c\000i\002\033\000i\000u\000l\000\040\0003}{subsection.5.2}% 71
\BOOKMARK [1][-]{section.6}{\376\377\000D\000i\000f\000i\000c\000u\000l\000t\001\003\002\033\000i\000\040\000\316\000n\000t\000\342\000m\000p\000i\000n\000a\000t\000e}{}% 72
\BOOKMARK [2][-]{subsection.6.1}{\376\377\000P\000e\000r\000s\000o\000a\000n\000a\000\040\000A}{section.6}% 73
\BOOKMARK [2][-]{subsection.6.2}{\376\377\000M\000o\000g\000a\000\040\000E\000d\000u\000a\000r\000d\000-\000A\000n\000d\000r\000e\000i}{section.6}% 74
\BOOKMARK [2][-]{subsection.6.3}{\376\377\000T\000i\000r\000d\000e\000a\000\040\000D\000o\000m\000i\000n\000i\000c\000-\000A\000l\000e\000x\000a\000n\000d\000r\000u}{section.6}% 75
\BOOKMARK [1][-]{section.7}{\376\377\000P\000r\000o\000b\000l\000e\000m\000e\000\040\000D\000e\000s\000c\000h\000i\000s\000e}{}% 76
\BOOKMARK [2][-]{subsection.7.1}{\376\377\000P\000e\000r\000s\000o\000a\000n\000a\000\040\000A}{section.7}% 77
\BOOKMARK [2][-]{subsection.7.2}{\376\377\000M\000o\000g\000a\000\040\000E\000d\000u\000a\000r\000d\000-\000A\000n\000d\000r\000e\000i}{section.7}% 78
\BOOKMARK [2][-]{subsection.7.3}{\376\377\000T\000i\000r\000d\000e\000a\000\040\000D\000o\000m\000i\000n\000i\000c\000-\000A\000l\000e\000x\000a\000n\000d\000r\000u\000\040}{section.7}% 79
\BOOKMARK [1][-]{section.8}{\376\377\000C\000o\000n\000c\000l\000u\000z\000i\000i}{}% 80
\BOOKMARK [1][-]{appendix.A}{\376\377\000C\000o\000d\000\040\000S\000u\000r\000s\001\003\000\040\000E\000x\000e\000r\000c\000i\002\033\000i\000u\000l\000\040\0002}{}% 81
